mode: set
github.com/Vlad1slavIP74/2lab/build/testcoverage/tested-coverage.go:34.103,36.2 1 1
github.com/Vlad1slavIP74/2lab/build/testcoverage/tested-coverage.go:38.84,47.42 6 1
github.com/Vlad1slavIP74/2lab/build/testcoverage/tested-coverage.go:71.2,81.4 1 1
github.com/Vlad1slavIP74/2lab/build/testcoverage/tested-coverage.go:47.42,49.84 2 1
github.com/Vlad1slavIP74/2lab/build/testcoverage/tested-coverage.go:49.84,52.4 1 1
github.com/Vlad1slavIP74/2lab/build/testcoverage/tested-coverage.go:52.9,55.4 2 0
github.com/Vlad1slavIP74/2lab/build/testcoverage/tested-coverage.go:86.62,89.2 2 1
